{"action":"message_processing","category":"websocket","environment":"development","event":"message_received","level":"debug","message":"WebSocket event","service":"fulldeck-backend","timestamp":"2025-07-03T14:18:22.120Z","userId":null}
{"category":"websocket","environment":"development","event":"message_parsed","hasData":true,"level":"debug","message":"WebSocket event","messageType":"login","service":"fulldeck-backend","timestamp":"2025-07-03T14:18:22.122Z","userId":null}
{"category":"websocket","environment":"development","event":"handler_called","handlerName":"handleLogin","level":"debug","message":"WebSocket event","messageType":"login","service":"fulldeck-backend","timestamp":"2025-07-03T14:18:22.123Z","userId":null}
{"category":"auth_event","environment":"development","event":"login_attempt","level":"info","message":"Authentication event","service":"fulldeck-backend","timestamp":"2025-07-03T14:18:22.123Z","userId":null,"username":"sweetyeetus"}
{"action":"message_processing","category":"websocket","environment":"development","event":"message_received","level":"debug","message":"WebSocket event","service":"fulldeck-backend","timestamp":"2025-07-03T14:18:22.487Z","userId":null}
{"category":"websocket","environment":"development","event":"message_parsed","hasData":true,"level":"debug","message":"WebSocket event","messageType":"getBalance","service":"fulldeck-backend","timestamp":"2025-07-03T14:18:22.488Z","userId":null}
{"category":"auth_event","environment":"development","event":"message_authenticated","level":"info","message":"Authentication event","messageType":"getBalance","service":"fulldeck-backend","timestamp":"2025-07-03T14:18:22.490Z","userId":"cmclywqs300007ev5wzrgvt62","username":"sweetyeetus"}
{"category":"websocket","environment":"development","event":"handler_called","handlerName":"handleGetBalance","level":"debug","message":"WebSocket event","messageType":"getBalance","service":"fulldeck-backend","timestamp":"2025-07-03T14:18:22.490Z","userId":"cmclywqs300007ev5wzrgvt62"}
{"environment":"development","level":"info","message":"HTTP server started","port":3001,"service":"fulldeck-backend","timestamp":"2025-07-03T14:26:02.891Z"}
{"action":"message_processing","category":"websocket","environment":"development","event":"message_received","level":"debug","message":"WebSocket event","service":"fulldeck-backend","timestamp":"2025-07-03T14:34:06.170Z","userId":null}
{"category":"websocket","environment":"development","event":"message_parsed","hasData":true,"level":"debug","message":"WebSocket event","messageType":"login","service":"fulldeck-backend","timestamp":"2025-07-03T14:34:06.171Z","userId":null}
{"category":"websocket","environment":"development","event":"handler_called","handlerName":"handleLogin","level":"debug","message":"WebSocket event","messageType":"login","service":"fulldeck-backend","timestamp":"2025-07-03T14:34:06.171Z","userId":null}
{"category":"auth_event","environment":"development","event":"login_attempt","level":"info","message":"Authentication event","service":"fulldeck-backend","timestamp":"2025-07-03T14:34:06.172Z","userId":null,"username":"sweetyeetus"}
{"action":"message_processing","category":"websocket","environment":"development","event":"message_received","level":"debug","message":"WebSocket event","service":"fulldeck-backend","timestamp":"2025-07-03T14:34:06.501Z","userId":null}
{"category":"websocket","environment":"development","event":"message_parsed","hasData":true,"level":"debug","message":"WebSocket event","messageType":"getBalance","service":"fulldeck-backend","timestamp":"2025-07-03T14:34:06.501Z","userId":null}
{"category":"auth_event","environment":"development","event":"message_authenticated","level":"info","message":"Authentication event","messageType":"getBalance","service":"fulldeck-backend","timestamp":"2025-07-03T14:34:06.503Z","userId":"cmclywqs300007ev5wzrgvt62","username":"sweetyeetus"}
{"category":"websocket","environment":"development","event":"handler_called","handlerName":"handleGetBalance","level":"debug","message":"WebSocket event","messageType":"getBalance","service":"fulldeck-backend","timestamp":"2025-07-03T14:34:06.504Z","userId":"cmclywqs300007ev5wzrgvt62"}
{"environment":"development","level":"info","message":"HTTP server started","port":3001,"service":"fulldeck-backend","timestamp":"2025-07-03T14:37:09.734Z"}
{"environment":"development","level":"info","message":"HTTP server started","port":3001,"service":"fulldeck-backend","timestamp":"2025-07-03T14:37:51.829Z"}
{"environment":"development","level":"info","message":"HTTP server started","port":3001,"service":"fulldeck-backend","timestamp":"2025-07-03T14:38:11.536Z"}
{"environment":"development","level":"info","message":"HTTP server started","port":3001,"service":"fulldeck-backend","timestamp":"2025-07-03T14:38:20.248Z"}
{"environment":"development","level":"info","message":"HTTP server started","port":3001,"service":"fulldeck-backend","timestamp":"2025-07-03T14:38:39.451Z"}
{"environment":"development","level":"info","message":"HTTP server started","port":3001,"service":"fulldeck-backend","timestamp":"2025-07-03T15:25:51.774Z"}
{"action":"message_processing","category":"websocket","environment":"development","event":"message_received","level":"debug","message":"WebSocket event","service":"fulldeck-backend","timestamp":"2025-07-03T15:27:59.592Z","userId":null}
{"category":"websocket","environment":"development","event":"message_parsed","hasData":true,"level":"debug","message":"WebSocket event","messageType":"getBalance","service":"fulldeck-backend","timestamp":"2025-07-03T15:27:59.592Z","userId":null}
{"category":"auth_event","environment":"development","event":"message_authenticated","level":"info","message":"Authentication event","messageType":"getBalance","service":"fulldeck-backend","timestamp":"2025-07-03T15:27:59.595Z","userId":"cmclywqs300007ev5wzrgvt62","username":"sweetyeetus"}
{"category":"websocket","environment":"development","event":"handler_called","handlerName":"handleGetBalance","level":"debug","message":"WebSocket event","messageType":"getBalance","service":"fulldeck-backend","timestamp":"2025-07-03T15:27:59.595Z","userId":"cmclywqs300007ev5wzrgvt62"}
{"action":"message_processing","category":"websocket","environment":"development","event":"message_received","level":"debug","message":"WebSocket event","service":"fulldeck-backend","timestamp":"2025-07-03T15:30:13.264Z","userId":null}
{"category":"websocket","environment":"development","event":"message_parsed","hasData":true,"level":"debug","message":"WebSocket event","messageType":"refreshToken","service":"fulldeck-backend","timestamp":"2025-07-03T15:30:13.264Z","userId":null}
{"category":"websocket","environment":"development","event":"handler_called","handlerName":"handleRefreshToken","level":"debug","message":"WebSocket event","messageType":"refreshToken","service":"fulldeck-backend","timestamp":"2025-07-03T15:30:13.264Z","userId":null}
{"category":"auth_event","environment":"development","event":"token_refresh_request","level":"info","message":"Authentication event","service":"fulldeck-backend","timestamp":"2025-07-03T15:30:13.264Z","userId":null}
{"count":1,"environment":"development","level":"debug","message":"Available games requested","service":"fulldeck-backend","timestamp":"2025-07-03T15:30:13.306Z"}
{"action":"message_processing","category":"websocket","environment":"development","event":"message_received","level":"debug","message":"WebSocket event","service":"fulldeck-backend","timestamp":"2025-07-03T15:31:27.979Z","userId":null}
{"category":"websocket","environment":"development","event":"message_parsed","hasData":true,"level":"debug","message":"WebSocket event","messageType":"refreshToken","service":"fulldeck-backend","timestamp":"2025-07-03T15:31:27.979Z","userId":null}
{"category":"websocket","environment":"development","event":"handler_called","handlerName":"handleRefreshToken","level":"debug","message":"WebSocket event","messageType":"refreshToken","service":"fulldeck-backend","timestamp":"2025-07-03T15:31:27.979Z","userId":null}
{"category":"auth_event","environment":"development","event":"token_refresh_request","level":"info","message":"Authentication event","service":"fulldeck-backend","timestamp":"2025-07-03T15:31:27.979Z","userId":null}
{"count":1,"environment":"development","level":"debug","message":"Available games requested","service":"fulldeck-backend","timestamp":"2025-07-03T15:31:28.000Z"}
{"environment":"development","level":"info","message":"HTTP server started","port":3001,"service":"fulldeck-backend","timestamp":"2025-07-03T15:35:14.291Z"}
{"environment":"development","level":"info","message":"HTTP server started","port":3001,"service":"fulldeck-backend","timestamp":"2025-07-03T15:35:35.432Z"}
{"environment":"development","level":"info","message":"HTTP server started","port":3001,"service":"fulldeck-backend","timestamp":"2025-07-03T15:36:05.302Z"}
{"environment":"development","level":"info","message":"HTTP server started","port":3001,"service":"fulldeck-backend","timestamp":"2025-07-03T15:40:45.839Z"}
{"environment":"development","level":"info","message":"HTTP server started","port":3001,"service":"fulldeck-backend","timestamp":"2025-07-03T15:40:53.760Z"}
{"environment":"development","level":"info","message":"HTTP server started","port":3001,"service":"fulldeck-backend","timestamp":"2025-07-03T15:41:02.247Z"}
{"environment":"development","level":"info","message":"HTTP server started","port":3001,"service":"fulldeck-backend","timestamp":"2025-07-03T15:41:11.634Z"}
{"environment":"development","level":"info","message":"HTTP server started","port":3001,"service":"fulldeck-backend","timestamp":"2025-07-03T15:41:27.407Z"}
{"environment":"development","level":"info","message":"HTTP server started","port":3001,"service":"fulldeck-backend","timestamp":"2025-07-03T15:41:41.500Z"}
{"environment":"development","level":"info","message":"HTTP server started","port":3001,"service":"fulldeck-backend","timestamp":"2025-07-03T15:43:14.528Z"}
{"environment":"development","level":"info","message":"HTTP server started","port":3001,"service":"fulldeck-backend","timestamp":"2025-07-03T15:46:50.679Z"}
{"environment":"development","level":"info","message":"HTTP server started","port":3001,"service":"fulldeck-backend","timestamp":"2025-07-03T15:48:29.010Z"}
{"environment":"development","level":"info","message":"HTTP server started","port":3001,"service":"fulldeck-backend","timestamp":"2025-07-03T16:02:23.651Z"}
{"environment":"development","level":"info","message":"HTTP server started","port":3001,"service":"fulldeck-backend","timestamp":"2025-07-03T16:02:30.064Z"}
{"environment":"development","level":"info","message":"HTTP server closed","service":"fulldeck-backend","timestamp":"2025-07-03T16:02:53.282Z"}
{"environment":"development","level":"info","message":"HTTP server started","port":3001,"service":"fulldeck-backend","timestamp":"2025-07-03T16:03:01.543Z"}
{"action":"message_processing","category":"websocket","environment":"development","event":"message_received","level":"debug","message":"WebSocket event","service":"fulldeck-backend","timestamp":"2025-07-03T16:03:13.931Z","userId":null}
{"category":"websocket","environment":"development","event":"message_parsed","hasData":true,"level":"debug","message":"WebSocket event","messageType":"getBalance","service":"fulldeck-backend","timestamp":"2025-07-03T16:03:13.931Z","userId":null}
{"category":"auth_event","environment":"development","event":"message_authenticated","level":"info","message":"Authentication event","messageType":"getBalance","service":"fulldeck-backend","timestamp":"2025-07-03T16:03:13.934Z","userId":"cmclywqs300007ev5wzrgvt62","username":"sweetyeetus"}
{"category":"websocket","environment":"development","event":"handler_called","handlerName":"onGetBalance","level":"debug","message":"WebSocket event","messageType":"getBalance","service":"fulldeck-backend","timestamp":"2025-07-03T16:03:13.934Z","userId":"cmclywqs300007ev5wzrgvt62"}
{"action":"message_processing","category":"websocket","environment":"development","event":"message_received","level":"debug","message":"WebSocket event","service":"fulldeck-backend","timestamp":"2025-07-03T16:05:38.213Z","userId":null}
{"category":"websocket","environment":"development","event":"message_parsed","hasData":true,"level":"debug","message":"WebSocket event","messageType":"getBalance","service":"fulldeck-backend","timestamp":"2025-07-03T16:05:38.213Z","userId":null}
{"category":"auth_event","environment":"development","event":"message_authenticated","level":"info","message":"Authentication event","messageType":"getBalance","service":"fulldeck-backend","timestamp":"2025-07-03T16:05:38.214Z","userId":"cmclywqs300007ev5wzrgvt62","username":"sweetyeetus"}
{"category":"websocket","environment":"development","event":"handler_called","handlerName":"onGetBalance","level":"debug","message":"WebSocket event","messageType":"getBalance","service":"fulldeck-backend","timestamp":"2025-07-03T16:05:38.214Z","userId":"cmclywqs300007ev5wzrgvt62"}
{"action":"message_processing","category":"websocket","environment":"development","event":"message_received","level":"debug","message":"WebSocket event","service":"fulldeck-backend","timestamp":"2025-07-03T16:07:30.761Z","userId":null}
{"category":"websocket","environment":"development","event":"message_parsed","hasData":true,"level":"debug","message":"WebSocket event","messageType":"getBalance","service":"fulldeck-backend","timestamp":"2025-07-03T16:07:30.761Z","userId":null}
{"category":"auth_event","environment":"development","event":"message_authenticated","level":"info","message":"Authentication event","messageType":"getBalance","service":"fulldeck-backend","timestamp":"2025-07-03T16:07:30.762Z","userId":"cmclywqs300007ev5wzrgvt62","username":"sweetyeetus"}
{"category":"websocket","environment":"development","event":"handler_called","handlerName":"onGetBalance","level":"debug","message":"WebSocket event","messageType":"getBalance","service":"fulldeck-backend","timestamp":"2025-07-03T16:07:30.762Z","userId":"cmclywqs300007ev5wzrgvt62"}
{"environment":"development","level":"info","message":"HTTP server started","port":3001,"service":"fulldeck-backend","timestamp":"2025-07-03T16:09:45.652Z"}
{"environment":"development","level":"info","message":"HTTP server started","port":3001,"service":"fulldeck-backend","timestamp":"2025-07-03T16:09:49.799Z"}
{"action":"message_processing","category":"websocket","environment":"development","event":"message_received","level":"debug","message":"WebSocket event","service":"fulldeck-backend","timestamp":"2025-07-03T16:10:01.629Z","userId":null}
{"category":"websocket","environment":"development","event":"message_parsed","hasData":true,"level":"debug","message":"WebSocket event","messageType":"getBalance","service":"fulldeck-backend","timestamp":"2025-07-03T16:10:01.629Z","userId":null}
{"category":"auth_event","environment":"development","event":"message_authenticated","level":"info","message":"Authentication event","messageType":"getBalance","service":"fulldeck-backend","timestamp":"2025-07-03T16:10:01.632Z","userId":"cmclywqs300007ev5wzrgvt62","username":"sweetyeetus"}
{"category":"websocket","environment":"development","event":"handler_called","handlerName":"onGetBalance","level":"debug","message":"WebSocket event","messageType":"getBalance","service":"fulldeck-backend","timestamp":"2025-07-03T16:10:01.632Z","userId":"cmclywqs300007ev5wzrgvt62"}
{"environment":"development","level":"info","message":"HTTP server closed","service":"fulldeck-backend","timestamp":"2025-07-03T16:11:17.181Z"}
{"environment":"development","level":"info","message":"HTTP server started","port":3001,"service":"fulldeck-backend","timestamp":"2025-07-03T16:11:24.997Z"}
{"action":"message_processing","category":"websocket","environment":"development","event":"message_received","level":"debug","message":"WebSocket event","service":"fulldeck-backend","timestamp":"2025-07-03T16:11:37.437Z","userId":null}
{"category":"websocket","environment":"development","event":"message_parsed","hasData":true,"level":"debug","message":"WebSocket event","messageType":"getBalance","service":"fulldeck-backend","timestamp":"2025-07-03T16:11:37.438Z","userId":null}
{"category":"auth_event","environment":"development","event":"message_authenticated","level":"info","message":"Authentication event","messageType":"getBalance","service":"fulldeck-backend","timestamp":"2025-07-03T16:11:37.440Z","userId":"cmclywqs300007ev5wzrgvt62","username":"sweetyeetus"}
{"category":"websocket","environment":"development","event":"handler_called","handlerName":"onGetBalance","level":"debug","message":"WebSocket event","messageType":"getBalance","service":"fulldeck-backend","timestamp":"2025-07-03T16:11:37.441Z","userId":"cmclywqs300007ev5wzrgvt62"}
{"environment":"development","level":"info","message":"HTTP server started","port":3001,"service":"fulldeck-backend","timestamp":"2025-07-03T16:12:14.021Z"}
{"environment":"development","level":"info","message":"HTTP server closed","service":"fulldeck-backend","timestamp":"2025-07-03T16:15:01.053Z"}
{"environment":"development","level":"info","message":"HTTP server started","port":3001,"service":"fulldeck-backend","timestamp":"2025-07-03T16:15:34.164Z"}
{"action":"message_processing","category":"websocket","environment":"development","event":"message_received","level":"debug","message":"WebSocket event","service":"fulldeck-backend","timestamp":"2025-07-03T16:15:47.146Z","userId":null}
{"category":"websocket","environment":"development","event":"message_parsed","hasData":true,"level":"debug","message":"WebSocket event","messageType":"getBalance","service":"fulldeck-backend","timestamp":"2025-07-03T16:15:47.146Z","userId":null}
{"category":"auth_event","environment":"development","event":"message_authenticated","level":"info","message":"Authentication event","messageType":"getBalance","service":"fulldeck-backend","timestamp":"2025-07-03T16:15:47.149Z","userId":"cmclywqs300007ev5wzrgvt62","username":"sweetyeetus"}
{"category":"websocket","environment":"development","event":"handler_called","handlerName":"onGetBalance","level":"debug","message":"WebSocket event","messageType":"getBalance","service":"fulldeck-backend","timestamp":"2025-07-03T16:15:47.150Z","userId":"cmclywqs300007ev5wzrgvt62"}
{"environment":"development","level":"info","message":"HTTP server started","port":3001,"service":"fulldeck-backend","timestamp":"2025-07-03T17:34:06.129Z"}
{"environment":"development","level":"info","message":"HTTP server started","port":3001,"service":"fulldeck-backend","timestamp":"2025-07-03T17:34:21.572Z"}
{"environment":"development","level":"info","message":"HTTP server closed","service":"fulldeck-backend","timestamp":"2025-07-03T17:36:47.329Z"}
{"environment":"development","level":"info","message":"HTTP server started","port":3001,"service":"fulldeck-backend","timestamp":"2025-07-03T17:36:54.351Z"}
{"action":"message_processing","category":"websocket","environment":"development","event":"message_received","level":"debug","message":"WebSocket event","service":"fulldeck-backend","timestamp":"2025-07-03T17:37:05.673Z","userId":null}
{"category":"websocket","environment":"development","event":"message_parsed","hasData":true,"level":"debug","message":"WebSocket event","messageType":"refreshToken","service":"fulldeck-backend","timestamp":"2025-07-03T17:37:05.673Z","userId":null}
{"category":"websocket","environment":"development","event":"handler_called","handlerName":"onRefreshToken","level":"debug","message":"WebSocket event","messageType":"refreshToken","service":"fulldeck-backend","timestamp":"2025-07-03T17:37:05.673Z","userId":null}
{"category":"auth_event","environment":"development","event":"token_refresh_request","level":"info","message":"Authentication event","service":"fulldeck-backend","timestamp":"2025-07-03T17:37:05.674Z","userId":null}
{"action":"token_refresh","category":"error","environment":"development","error":"jwt malformed","level":"error","message":"Error occurred","service":"fulldeck-backend","stack":"JsonWebTokenError: jwt malformed\n    at module.exports [as verify] (C:\\Src\\fulldeck\\backend\\node_modules\\jsonwebtoken\\verify.js:70:17)\n    at Object.onRefreshToken [as refreshToken] (C:\\Src\\fulldeck\\backend\\src\\websocket\\messages.js:464:25)\n    at onMessage (C:\\Src\\fulldeck\\backend\\src\\websocket\\messages.js:682:21)\n    at WebSocket.<anonymous> (C:\\Src\\fulldeck\\backend\\src\\websocket\\server.js:37:11)\n    at WebSocket.emit (node:events:518:28)\n    at Receiver.receiverOnMessage (C:\\Src\\fulldeck\\backend\\node_modules\\ws\\lib\\websocket.js:1220:20)\n    at Receiver.emit (node:events:518:28)\n    at Receiver.dataMessage (C:\\Src\\fulldeck\\backend\\node_modules\\ws\\lib\\receiver.js:596:14)\n    at Receiver.getData (C:\\Src\\fulldeck\\backend\\node_modules\\ws\\lib\\receiver.js:496:10)\n    at Receiver.startLoop (C:\\Src\\fulldeck\\backend\\node_modules\\ws\\lib\\receiver.js:167:16)","timestamp":"2025-07-03T17:37:05.674Z","userId":null}
{"environment":"development","level":"info","message":"HTTP server started","port":3001,"service":"fulldeck-backend","timestamp":"2025-07-03T17:40:49.412Z"}
{"action":"message_processing","category":"websocket","environment":"development","event":"message_received","level":"debug","message":"WebSocket event","service":"fulldeck-backend","timestamp":"2025-07-03T17:41:11.798Z","userId":null}
{"category":"websocket","environment":"development","event":"message_parsed","hasData":true,"level":"debug","message":"WebSocket event","messageType":"login","service":"fulldeck-backend","timestamp":"2025-07-03T17:41:11.799Z","userId":null}
{"category":"websocket","environment":"development","event":"handler_called","handlerName":"onLogin","level":"debug","message":"WebSocket event","messageType":"login","service":"fulldeck-backend","timestamp":"2025-07-03T17:41:11.799Z","userId":null}
{"category":"auth_event","environment":"development","event":"login_attempt","level":"info","message":"Authentication event","service":"fulldeck-backend","timestamp":"2025-07-03T17:41:11.799Z","userId":null,"username":"sweetyeetus"}
{"count":3,"environment":"development","level":"debug","message":"All games requested","service":"fulldeck-backend","timestamp":"2025-07-03T17:41:12.081Z"}
{"action":"message_processing","category":"websocket","environment":"development","event":"message_received","level":"debug","message":"WebSocket event","service":"fulldeck-backend","timestamp":"2025-07-03T17:41:12.098Z","userId":null}
{"category":"websocket","environment":"development","event":"message_parsed","hasData":true,"level":"debug","message":"WebSocket event","messageType":"getBalance","service":"fulldeck-backend","timestamp":"2025-07-03T17:41:12.099Z","userId":null}
{"category":"auth_event","environment":"development","event":"message_authenticated","level":"info","message":"Authentication event","messageType":"getBalance","service":"fulldeck-backend","timestamp":"2025-07-03T17:41:12.101Z","userId":"cmclywqs300007ev5wzrgvt62","username":"sweetyeetus"}
{"category":"websocket","environment":"development","event":"unknown_message_type","level":"debug","message":"WebSocket event","messageType":"getBalance","service":"fulldeck-backend","timestamp":"2025-07-03T17:41:12.101Z","userId":"cmclywqs300007ev5wzrgvt62"}
{"environment":"development","level":"info","message":"HTTP server started","port":3001,"service":"fulldeck-backend","timestamp":"2025-07-03T17:41:49.946Z"}
{"environment":"development","level":"info","message":"HTTP server closed","service":"fulldeck-backend","timestamp":"2025-07-03T17:43:42.493Z"}
{"environment":"development","level":"info","message":"HTTP server started","port":3001,"service":"fulldeck-backend","timestamp":"2025-07-03T17:43:56.147Z"}
{"action":"message_processing","category":"websocket","environment":"development","event":"message_received","level":"debug","message":"WebSocket event","service":"fulldeck-backend","timestamp":"2025-07-03T17:44:08.635Z","userId":null}
{"category":"websocket","environment":"development","event":"message_parsed","hasData":true,"level":"debug","message":"WebSocket event","messageType":"getBalance","service":"fulldeck-backend","timestamp":"2025-07-03T17:44:08.635Z","userId":null}
{"category":"auth_event","environment":"development","event":"message_authenticated","level":"info","message":"Authentication event","messageType":"getBalance","service":"fulldeck-backend","timestamp":"2025-07-03T17:44:08.638Z","userId":"cmclywqs300007ev5wzrgvt62","username":"sweetyeetus"}
{"category":"websocket","environment":"development","event":"unknown_message_type","level":"debug","message":"WebSocket event","messageType":"getBalance","service":"fulldeck-backend","timestamp":"2025-07-03T17:44:08.639Z","userId":"cmclywqs300007ev5wzrgvt62"}
{"action":"message_processing","category":"websocket","environment":"development","event":"message_received","level":"debug","message":"WebSocket event","service":"fulldeck-backend","timestamp":"2025-07-03T17:45:01.901Z","userId":null}
{"category":"websocket","environment":"development","event":"message_parsed","hasData":true,"level":"debug","message":"WebSocket event","messageType":"getBalance","service":"fulldeck-backend","timestamp":"2025-07-03T17:45:01.901Z","userId":null}
{"category":"auth_event","environment":"development","event":"message_authenticated","level":"info","message":"Authentication event","messageType":"getBalance","service":"fulldeck-backend","timestamp":"2025-07-03T17:45:01.902Z","userId":"cmclywqs300007ev5wzrgvt62","username":"sweetyeetus"}
{"category":"websocket","environment":"development","event":"unknown_message_type","level":"debug","message":"WebSocket event","messageType":"getBalance","service":"fulldeck-backend","timestamp":"2025-07-03T17:45:01.902Z","userId":"cmclywqs300007ev5wzrgvt62"}
{"action":"message_processing","category":"websocket","environment":"development","event":"message_received","level":"debug","message":"WebSocket event","service":"fulldeck-backend","timestamp":"2025-07-03T17:45:23.808Z","userId":null}
{"category":"websocket","environment":"development","event":"message_parsed","hasData":true,"level":"debug","message":"WebSocket event","messageType":"getBalance","service":"fulldeck-backend","timestamp":"2025-07-03T17:45:23.808Z","userId":null}
{"category":"auth_event","environment":"development","event":"message_authenticated","level":"info","message":"Authentication event","messageType":"getBalance","service":"fulldeck-backend","timestamp":"2025-07-03T17:45:23.809Z","userId":"cmclywqs300007ev5wzrgvt62","username":"sweetyeetus"}
{"category":"websocket","environment":"development","event":"unknown_message_type","level":"debug","message":"WebSocket event","messageType":"getBalance","service":"fulldeck-backend","timestamp":"2025-07-03T17:45:23.810Z","userId":"cmclywqs300007ev5wzrgvt62"}
{"action":"message_processing","category":"websocket","environment":"development","event":"message_received","level":"debug","message":"WebSocket event","service":"fulldeck-backend","timestamp":"2025-07-03T17:45:36.977Z","userId":null}
{"category":"websocket","environment":"development","event":"message_parsed","hasData":true,"level":"debug","message":"WebSocket event","messageType":"getBalance","service":"fulldeck-backend","timestamp":"2025-07-03T17:45:36.978Z","userId":null}
{"category":"auth_event","environment":"development","event":"message_authenticated","level":"info","message":"Authentication event","messageType":"getBalance","service":"fulldeck-backend","timestamp":"2025-07-03T17:45:36.980Z","userId":"cmclywqs300007ev5wzrgvt62","username":"sweetyeetus"}
{"category":"websocket","environment":"development","event":"unknown_message_type","level":"debug","message":"WebSocket event","messageType":"getBalance","service":"fulldeck-backend","timestamp":"2025-07-03T17:45:36.981Z","userId":"cmclywqs300007ev5wzrgvt62"}
{"action":"message_processing","category":"websocket","environment":"development","event":"message_received","level":"debug","message":"WebSocket event","service":"fulldeck-backend","timestamp":"2025-07-03T17:45:56.265Z","userId":null}
{"category":"websocket","environment":"development","event":"message_parsed","hasData":true,"level":"debug","message":"WebSocket event","messageType":"getBalance","service":"fulldeck-backend","timestamp":"2025-07-03T17:45:56.266Z","userId":null}
{"category":"auth_event","environment":"development","event":"message_authenticated","level":"info","message":"Authentication event","messageType":"getBalance","service":"fulldeck-backend","timestamp":"2025-07-03T17:45:56.266Z","userId":"cmclywqs300007ev5wzrgvt62","username":"sweetyeetus"}
{"category":"websocket","environment":"development","event":"unknown_message_type","level":"debug","message":"WebSocket event","messageType":"getBalance","service":"fulldeck-backend","timestamp":"2025-07-03T17:45:56.267Z","userId":"cmclywqs300007ev5wzrgvt62"}
{"action":"message_processing","category":"websocket","environment":"development","event":"message_received","level":"debug","message":"WebSocket event","service":"fulldeck-backend","timestamp":"2025-07-03T17:46:05.916Z","userId":null}
{"category":"websocket","environment":"development","event":"message_parsed","hasData":true,"level":"debug","message":"WebSocket event","messageType":"getBalance","service":"fulldeck-backend","timestamp":"2025-07-03T17:46:05.916Z","userId":null}
{"category":"auth_event","environment":"development","event":"message_authenticated","level":"info","message":"Authentication event","messageType":"getBalance","service":"fulldeck-backend","timestamp":"2025-07-03T17:46:05.917Z","userId":"cmclywqs300007ev5wzrgvt62","username":"sweetyeetus"}
{"category":"websocket","environment":"development","event":"unknown_message_type","level":"debug","message":"WebSocket event","messageType":"getBalance","service":"fulldeck-backend","timestamp":"2025-07-03T17:46:05.917Z","userId":"cmclywqs300007ev5wzrgvt62"}
{"action":"message_processing","category":"websocket","environment":"development","event":"message_received","level":"debug","message":"WebSocket event","service":"fulldeck-backend","timestamp":"2025-07-03T17:46:20.288Z","userId":null}
{"category":"websocket","environment":"development","event":"message_parsed","hasData":true,"level":"debug","message":"WebSocket event","messageType":"getBalance","service":"fulldeck-backend","timestamp":"2025-07-03T17:46:20.288Z","userId":null}
{"category":"auth_event","environment":"development","event":"message_authenticated","level":"info","message":"Authentication event","messageType":"getBalance","service":"fulldeck-backend","timestamp":"2025-07-03T17:46:20.289Z","userId":"cmclywqs300007ev5wzrgvt62","username":"sweetyeetus"}
{"category":"websocket","environment":"development","event":"unknown_message_type","level":"debug","message":"WebSocket event","messageType":"getBalance","service":"fulldeck-backend","timestamp":"2025-07-03T17:46:20.290Z","userId":"cmclywqs300007ev5wzrgvt62"}
{"action":"message_processing","category":"websocket","environment":"development","event":"message_received","level":"debug","message":"WebSocket event","service":"fulldeck-backend","timestamp":"2025-07-03T17:47:01.202Z","userId":null}
{"category":"websocket","environment":"development","event":"message_parsed","hasData":true,"level":"debug","message":"WebSocket event","messageType":"getBalance","service":"fulldeck-backend","timestamp":"2025-07-03T17:47:01.202Z","userId":null}
{"category":"auth_event","environment":"development","event":"message_authenticated","level":"info","message":"Authentication event","messageType":"getBalance","service":"fulldeck-backend","timestamp":"2025-07-03T17:47:01.203Z","userId":"cmclywqs300007ev5wzrgvt62","username":"sweetyeetus"}
{"category":"websocket","environment":"development","event":"unknown_message_type","level":"debug","message":"WebSocket event","messageType":"getBalance","service":"fulldeck-backend","timestamp":"2025-07-03T17:47:01.203Z","userId":"cmclywqs300007ev5wzrgvt62"}
{"action":"message_processing","category":"websocket","environment":"development","event":"message_received","level":"debug","message":"WebSocket event","service":"fulldeck-backend","timestamp":"2025-07-03T17:47:15.372Z","userId":null}
{"category":"websocket","environment":"development","event":"message_parsed","hasData":true,"level":"debug","message":"WebSocket event","messageType":"getBalance","service":"fulldeck-backend","timestamp":"2025-07-03T17:47:15.373Z","userId":null}
{"category":"auth_event","environment":"development","event":"message_authenticated","level":"info","message":"Authentication event","messageType":"getBalance","service":"fulldeck-backend","timestamp":"2025-07-03T17:47:15.374Z","userId":"cmclywqs300007ev5wzrgvt62","username":"sweetyeetus"}
{"category":"websocket","environment":"development","event":"unknown_message_type","level":"debug","message":"WebSocket event","messageType":"getBalance","service":"fulldeck-backend","timestamp":"2025-07-03T17:47:15.374Z","userId":"cmclywqs300007ev5wzrgvt62"}
{"action":"message_processing","category":"websocket","environment":"development","event":"message_received","level":"debug","message":"WebSocket event","service":"fulldeck-backend","timestamp":"2025-07-03T17:48:42.243Z","userId":null}
{"category":"websocket","environment":"development","event":"message_parsed","hasData":true,"level":"debug","message":"WebSocket event","messageType":"getBalance","service":"fulldeck-backend","timestamp":"2025-07-03T17:48:42.243Z","userId":null}
{"category":"auth_event","environment":"development","event":"message_authenticated","level":"info","message":"Authentication event","messageType":"getBalance","service":"fulldeck-backend","timestamp":"2025-07-03T17:48:42.244Z","userId":"cmclywqs300007ev5wzrgvt62","username":"sweetyeetus"}
{"category":"websocket","environment":"development","event":"unknown_message_type","level":"debug","message":"WebSocket event","messageType":"getBalance","service":"fulldeck-backend","timestamp":"2025-07-03T17:48:42.244Z","userId":"cmclywqs300007ev5wzrgvt62"}
{"action":"message_processing","category":"websocket","environment":"development","event":"message_received","level":"debug","message":"WebSocket event","service":"fulldeck-backend","timestamp":"2025-07-03T17:49:15.892Z","userId":null}
{"category":"websocket","environment":"development","event":"message_parsed","hasData":true,"level":"debug","message":"WebSocket event","messageType":"getBalance","service":"fulldeck-backend","timestamp":"2025-07-03T17:49:15.892Z","userId":null}
{"category":"auth_event","environment":"development","event":"message_authenticated","level":"info","message":"Authentication event","messageType":"getBalance","service":"fulldeck-backend","timestamp":"2025-07-03T17:49:15.893Z","userId":"cmclywqs300007ev5wzrgvt62","username":"sweetyeetus"}
{"category":"websocket","environment":"development","event":"unknown_message_type","level":"debug","message":"WebSocket event","messageType":"getBalance","service":"fulldeck-backend","timestamp":"2025-07-03T17:49:15.893Z","userId":"cmclywqs300007ev5wzrgvt62"}
{"action":"message_processing","category":"websocket","environment":"development","event":"message_received","level":"debug","message":"WebSocket event","service":"fulldeck-backend","timestamp":"2025-07-03T17:49:27.511Z","userId":null}
{"category":"websocket","environment":"development","event":"message_parsed","hasData":true,"level":"debug","message":"WebSocket event","messageType":"getBalance","service":"fulldeck-backend","timestamp":"2025-07-03T17:49:27.512Z","userId":null}
{"category":"auth_event","environment":"development","event":"message_authenticated","level":"info","message":"Authentication event","messageType":"getBalance","service":"fulldeck-backend","timestamp":"2025-07-03T17:49:27.512Z","userId":"cmclywqs300007ev5wzrgvt62","username":"sweetyeetus"}
{"category":"websocket","environment":"development","event":"unknown_message_type","level":"debug","message":"WebSocket event","messageType":"getBalance","service":"fulldeck-backend","timestamp":"2025-07-03T17:49:27.512Z","userId":"cmclywqs300007ev5wzrgvt62"}
{"action":"message_processing","category":"websocket","environment":"development","event":"message_received","level":"debug","message":"WebSocket event","service":"fulldeck-backend","timestamp":"2025-07-03T17:49:32.750Z","userId":null}
{"category":"websocket","environment":"development","event":"message_parsed","hasData":true,"level":"debug","message":"WebSocket event","messageType":"getBalance","service":"fulldeck-backend","timestamp":"2025-07-03T17:49:32.751Z","userId":null}
{"category":"auth_event","environment":"development","event":"message_authenticated","level":"info","message":"Authentication event","messageType":"getBalance","service":"fulldeck-backend","timestamp":"2025-07-03T17:49:32.751Z","userId":"cmclywqs300007ev5wzrgvt62","username":"sweetyeetus"}
{"category":"websocket","environment":"development","event":"unknown_message_type","level":"debug","message":"WebSocket event","messageType":"getBalance","service":"fulldeck-backend","timestamp":"2025-07-03T17:49:32.752Z","userId":"cmclywqs300007ev5wzrgvt62"}
{"action":"message_processing","category":"websocket","environment":"development","event":"message_received","level":"debug","message":"WebSocket event","service":"fulldeck-backend","timestamp":"2025-07-03T17:50:48.842Z","userId":null}
{"category":"websocket","environment":"development","event":"message_parsed","hasData":true,"level":"debug","message":"WebSocket event","messageType":"getBalance","service":"fulldeck-backend","timestamp":"2025-07-03T17:50:48.842Z","userId":null}
{"category":"auth_event","environment":"development","event":"message_authenticated","level":"info","message":"Authentication event","messageType":"getBalance","service":"fulldeck-backend","timestamp":"2025-07-03T17:50:48.843Z","userId":"cmclywqs300007ev5wzrgvt62","username":"sweetyeetus"}
{"category":"websocket","environment":"development","event":"unknown_message_type","level":"debug","message":"WebSocket event","messageType":"getBalance","service":"fulldeck-backend","timestamp":"2025-07-03T17:50:48.843Z","userId":"cmclywqs300007ev5wzrgvt62"}
{"action":"message_processing","category":"websocket","environment":"development","event":"message_received","level":"debug","message":"WebSocket event","service":"fulldeck-backend","timestamp":"2025-07-03T17:51:58.484Z","userId":null}
{"category":"websocket","environment":"development","event":"message_parsed","hasData":true,"level":"debug","message":"WebSocket event","messageType":"getBalance","service":"fulldeck-backend","timestamp":"2025-07-03T17:51:58.485Z","userId":null}
{"category":"auth_event","environment":"development","event":"message_authenticated","level":"info","message":"Authentication event","messageType":"getBalance","service":"fulldeck-backend","timestamp":"2025-07-03T17:51:58.486Z","userId":"cmclywqs300007ev5wzrgvt62","username":"sweetyeetus"}
{"category":"websocket","environment":"development","event":"unknown_message_type","level":"debug","message":"WebSocket event","messageType":"getBalance","service":"fulldeck-backend","timestamp":"2025-07-03T17:51:58.486Z","userId":"cmclywqs300007ev5wzrgvt62"}
{"action":"message_processing","category":"websocket","environment":"development","event":"message_received","level":"debug","message":"WebSocket event","service":"fulldeck-backend","timestamp":"2025-07-03T17:53:03.337Z","userId":null}
{"category":"websocket","environment":"development","event":"message_parsed","hasData":true,"level":"debug","message":"WebSocket event","messageType":"getBalance","service":"fulldeck-backend","timestamp":"2025-07-03T17:53:03.337Z","userId":null}
{"category":"auth_event","environment":"development","event":"message_authenticated","level":"info","message":"Authentication event","messageType":"getBalance","service":"fulldeck-backend","timestamp":"2025-07-03T17:53:03.338Z","userId":"cmclywqs300007ev5wzrgvt62","username":"sweetyeetus"}
{"category":"websocket","environment":"development","event":"unknown_message_type","level":"debug","message":"WebSocket event","messageType":"getBalance","service":"fulldeck-backend","timestamp":"2025-07-03T17:53:03.339Z","userId":"cmclywqs300007ev5wzrgvt62"}
{"action":"message_processing","category":"websocket","environment":"development","event":"message_received","level":"debug","message":"WebSocket event","service":"fulldeck-backend","timestamp":"2025-07-03T17:53:56.145Z","userId":null}
{"category":"websocket","environment":"development","event":"message_parsed","hasData":true,"level":"debug","message":"WebSocket event","messageType":"getBalance","service":"fulldeck-backend","timestamp":"2025-07-03T17:53:56.145Z","userId":null}
{"category":"auth_event","environment":"development","event":"message_authenticated","level":"info","message":"Authentication event","messageType":"getBalance","service":"fulldeck-backend","timestamp":"2025-07-03T17:53:56.146Z","userId":"cmclywqs300007ev5wzrgvt62","username":"sweetyeetus"}
{"category":"websocket","environment":"development","event":"unknown_message_type","level":"debug","message":"WebSocket event","messageType":"getBalance","service":"fulldeck-backend","timestamp":"2025-07-03T17:53:56.146Z","userId":"cmclywqs300007ev5wzrgvt62"}
{"action":"message_processing","category":"websocket","environment":"development","event":"message_received","level":"debug","message":"WebSocket event","service":"fulldeck-backend","timestamp":"2025-07-03T17:54:52.442Z","userId":null}
{"category":"websocket","environment":"development","event":"message_parsed","hasData":true,"level":"debug","message":"WebSocket event","messageType":"getBalance","service":"fulldeck-backend","timestamp":"2025-07-03T17:54:52.442Z","userId":null}
{"category":"auth_event","environment":"development","event":"message_authenticated","level":"info","message":"Authentication event","messageType":"getBalance","service":"fulldeck-backend","timestamp":"2025-07-03T17:54:52.442Z","userId":"cmclywqs300007ev5wzrgvt62","username":"sweetyeetus"}
{"category":"websocket","environment":"development","event":"unknown_message_type","level":"debug","message":"WebSocket event","messageType":"getBalance","service":"fulldeck-backend","timestamp":"2025-07-03T17:54:52.443Z","userId":"cmclywqs300007ev5wzrgvt62"}
{"action":"message_processing","category":"websocket","environment":"development","event":"message_received","level":"debug","message":"WebSocket event","service":"fulldeck-backend","timestamp":"2025-07-03T17:56:08.095Z","userId":null}
{"category":"websocket","environment":"development","event":"message_parsed","hasData":true,"level":"debug","message":"WebSocket event","messageType":"getBalance","service":"fulldeck-backend","timestamp":"2025-07-03T17:56:08.095Z","userId":null}
{"category":"auth_event","environment":"development","event":"message_authenticated","level":"info","message":"Authentication event","messageType":"getBalance","service":"fulldeck-backend","timestamp":"2025-07-03T17:56:08.096Z","userId":"cmclywqs300007ev5wzrgvt62","username":"sweetyeetus"}
{"category":"websocket","environment":"development","event":"unknown_message_type","level":"debug","message":"WebSocket event","messageType":"getBalance","service":"fulldeck-backend","timestamp":"2025-07-03T17:56:08.096Z","userId":"cmclywqs300007ev5wzrgvt62"}
